----------

Wed Sep 14 2022 12:51:31 GMT+0200 (Mitteleuropäische Sommerzeit)

warning: LF will be replaced by CRLF in about.html.
The file will have its original line endings in your working directory
warning: LF will be replaced by CRLF in assets/bootstrap/css/bootstrap.min.css.
The file will have its original line endings in your working directory
warning: LF will be replaced by CRLF in assets/bootstrap/js/bootstrap.min.js.
The file will have its original line endings in your working directory
warning: LF will be replaced by CRLF in assets/css/Features-Image-icons.css.
The file will have its original line endings in your working directory
warning: LF will be replaced by CRLF in assets/css/Hero-Carousel-images.css.
The file will have its original line endings in your working directory
warning: LF will be replaced by CRLF in assets/js/bold-and-bright.js.
The file will have its original line endings in your working directory
warning: LF will be replaced by CRLF in assets/js/bs-init.js.
The file will have its original line endings in your working directory
warning: LF will be replaced by CRLF in assets/js/jquery.min.js.
The file will have its original line endings in your working directory
warning: LF will be replaced by CRLF in contacts.html.
The file will have its original line endings in your working directory
warning: LF will be replaced by CRLF in index.html.
The file will have its original line endings in your working directory
warning: LF will be replaced by CRLF in pricing.html.
The file will have its original line endings in your working directory
warning: LF will be replaced by CRLF in projects.html.
The file will have its original line endings in your working directory
warning: LF will be replaced by CRLF in services.html.
The file will have its original line endings in your working directory


----------

Wed Sep 14 2022 12:51:39 GMT+0200 (Mitteleuropäische Sommerzeit)

Logon failed, use ctrl+c to cancel basic credential prompt.


----------

Wed Sep 14 2022 12:51:39 GMT+0200 (Mitteleuropäische Sommerzeit)

bash: /dev/tty: No such device or address


----------

Wed Sep 14 2022 12:53:17 GMT+0200 (Mitteleuropäische Sommerzeit)

warning: LF will be replaced by CRLF in about.html.
The file will have its original line endings in your working directory
warning: LF will be replaced by CRLF in assets/bootstrap/css/bootstrap.min.css.
The file will have its original line endings in your working directory
warning: LF will be replaced by CRLF in assets/bootstrap/js/bootstrap.min.js.
The file will have its original line endings in your working directory
warning: LF will be replaced by CRLF in assets/css/Features-Image-icons.css.
The file will have its original line endings in your working directory
warning: LF will be replaced by CRLF in assets/css/Hero-Carousel-images.css.
The file will have its original line endings in your working directory
warning: LF will be replaced by CRLF in assets/js/bold-and-bright.js.
The file will have its original line endings in your working directory
warning: LF will be replaced by CRLF in assets/js/bs-init.js.
The file will have its original line endings in your working directory
warning: LF will be replaced by CRLF in assets/js/jquery.min.js.
The file will have its original line endings in your working directory
warning: LF will be replaced by CRLF in contacts.html.
The file will have its original line endings in your working directory
warning: LF will be replaced by CRLF in index.html.
The file will have its original line endings in your working directory
warning: LF will be replaced by CRLF in pricing.html.
The file will have its original line endings in your working directory
warning: LF will be replaced by CRLF in projects.html.
The file will have its original line endings in your working directory
warning: LF will be replaced by CRLF in services.html.
The file will have its original line endings in your working directory
warning: LF will be replaced by CRLF in error.log.
The file will have its original line endings in your working directory


----------

Wed Sep 14 2022 12:53:22 GMT+0200 (Mitteleuropäische Sommerzeit)

To https://github.com/tytytytyy/tytytytyy.github.io.git
   dfa42f9..36024af  main -> main


----------

Wed Sep 14 2022 13:00:23 GMT+0200 (Mitteleuropäische Sommerzeit)

warning: LF will be replaced by CRLF in about.html.
The file will have its original line endings in your working directory
warning: LF will be replaced by CRLF in assets/bootstrap/css/bootstrap.min.css.
The file will have its original line endings in your working directory
warning: LF will be replaced by CRLF in assets/bootstrap/js/bootstrap.min.js.
The file will have its original line endings in your working directory
warning: LF will be replaced by CRLF in assets/css/Features-Image-icons.css.
The file will have its original line endings in your working directory
warning: LF will be replaced by CRLF in assets/css/Hero-Carousel-images.css.
The file will have its original line endings in your working directory
warning: LF will be replaced by CRLF in assets/js/bold-and-bright.js.
The file will have its original line endings in your working directory
warning: LF will be replaced by CRLF in assets/js/bs-init.js.
The file will have its original line endings in your working directory
warning: LF will be replaced by CRLF in assets/js/jquery.min.js.
The file will have its original line endings in your working directory
warning: LF will be replaced by CRLF in contacts.html.
The file will have its original line endings in your working directory
warning: LF will be replaced by CRLF in error.log.
The file will have its original line endings in your working directory
warning: LF will be replaced by CRLF in index.html.
The file will have its original line endings in your working directory
warning: LF will be replaced by CRLF in pricing.html.
The file will have its original line endings in your working directory
warning: LF will be replaced by CRLF in projects.html.
The file will have its original line endings in your working directory
warning: LF will be replaced by CRLF in services.html.
The file will have its original line endings in your working directory


----------

Wed Sep 14 2022 13:00:24 GMT+0200 (Mitteleuropäische Sommerzeit)

To https://github.com/tytytytyy/tytytytyy.github.io.git
   36024af..8dc2f46  main -> main


----------

Wed Sep 14 2022 13:19:39 GMT+0200 (Mitteleuropäische Sommerzeit)

warning: LF will be replaced by CRLF in about.html.
The file will have its original line endings in your working directory
warning: LF will be replaced by CRLF in assets/bootstrap/css/bootstrap.min.css.
The file will have its original line endings in your working directory
warning: LF will be replaced by CRLF in assets/bootstrap/js/bootstrap.min.js.
The file will have its original line endings in your working directory
warning: LF will be replaced by CRLF in assets/css/Features-Image-icons.css.
The file will have its original line endings in your working directory
warning: LF will be replaced by CRLF in assets/css/Hero-Carousel-images.css.
The file will have its original line endings in your working directory
warning: LF will be replaced by CRLF in assets/js/bold-and-bright.js.
The file will have its original line endings in your working directory
warning: LF will be replaced by CRLF in assets/js/bs-init.js.
The file will have its original line endings in your working directory
warning: LF will be replaced by CRLF in assets/js/jquery.min.js.
The file will have its original line endings in your working directory
warning: LF will be replaced by CRLF in contacts.html.
The file will have its original line endings in your working directory
warning: LF will be replaced by CRLF in error.log.
The file will have its original line endings in your working directory
warning: LF will be replaced by CRLF in index.html.
The file will have its original line endings in your working directory
warning: LF will be replaced by CRLF in pricing.html.
The file will have its original line endings in your working directory
warning: LF will be replaced by CRLF in projects.html.
The file will have its original line endings in your working directory
warning: LF will be replaced by CRLF in services.html.
The file will have its original line endings in your working directory


----------

Wed Sep 14 2022 13:19:41 GMT+0200 (Mitteleuropäische Sommerzeit)

To https://github.com/tytytytyy/tytytytyy.github.io.git
   8dc2f46..69bfb89  main -> main


----------

Wed Sep 14 2022 13:23:23 GMT+0200 (Mitteleuropäische Sommerzeit)

warning: LF will be replaced by CRLF in about.html.
The file will have its original line endings in your working directory
warning: LF will be replaced by CRLF in assets/bootstrap/css/bootstrap.min.css.
The file will have its original line endings in your working directory
warning: LF will be replaced by CRLF in assets/bootstrap/js/bootstrap.min.js.
The file will have its original line endings in your working directory
warning: LF will be replaced by CRLF in assets/css/Features-Image-icons.css.
The file will have its original line endings in your working directory
warning: LF will be replaced by CRLF in assets/css/Hero-Carousel-images.css.
The file will have its original line endings in your working directory
warning: LF will be replaced by CRLF in assets/js/bold-and-bright.js.
The file will have its original line endings in your working directory
warning: LF will be replaced by CRLF in assets/js/bs-init.js.
The file will have its original line endings in your working directory
warning: LF will be replaced by CRLF in assets/js/jquery.min.js.
The file will have its original line endings in your working directory
warning: LF will be replaced by CRLF in contacts.html.
The file will have its original line endings in your working directory
warning: LF will be replaced by CRLF in error.log.
The file will have its original line endings in your working directory
warning: LF will be replaced by CRLF in index.html.
The file will have its original line endings in your working directory
warning: LF will be replaced by CRLF in pricing.html.
The file will have its original line endings in your working directory
warning: LF will be replaced by CRLF in projects.html.
The file will have its original line endings in your working directory
warning: LF will be replaced by CRLF in services.html.
The file will have its original line endings in your working directory
warning: LF will be replaced by CRLF in assets/img/team/websiteelement2.svg.
The file will have its original line endings in your working directory


----------

Wed Sep 14 2022 13:23:27 GMT+0200 (Mitteleuropäische Sommerzeit)

To https://github.com/tytytytyy/tytytytyy.github.io.git
   69bfb89..4f10c52  main -> main


----------

Wed Sep 14 2022 13:32:40 GMT+0200 (Mitteleuropäische Sommerzeit)

warning: LF will be replaced by CRLF in about.html.
The file will have its original line endings in your working directory
warning: LF will be replaced by CRLF in assets/bootstrap/css/bootstrap.min.css.
The file will have its original line endings in your working directory
warning: LF will be replaced by CRLF in assets/bootstrap/js/bootstrap.min.js.
The file will have its original line endings in your working directory
warning: LF will be replaced by CRLF in assets/css/Features-Image-icons.css.
The file will have its original line endings in your working directory
warning: LF will be replaced by CRLF in assets/css/Hero-Carousel-images.css.
The file will have its original line endings in your working directory
warning: LF will be replaced by CRLF in assets/img/team/websiteelement2.svg.
The file will have its original line endings in your working directory
warning: LF will be replaced by CRLF in assets/js/bold-and-bright.js.
The file will have its original line endings in your working directory
warning: LF will be replaced by CRLF in assets/js/bs-init.js.
The file will have its original line endings in your working directory
warning: LF will be replaced by CRLF in assets/js/jquery.min.js.
The file will have its original line endings in your working directory
warning: LF will be replaced by CRLF in contacts.html.
The file will have its original line endings in your working directory
warning: LF will be replaced by CRLF in error.log.
The file will have its original line endings in your working directory
warning: LF will be replaced by CRLF in index.html.
The file will have its original line endings in your working directory
warning: LF will be replaced by CRLF in pricing.html.
The file will have its original line endings in your working directory
warning: LF will be replaced by CRLF in projects.html.
The file will have its original line endings in your working directory
warning: LF will be replaced by CRLF in services.html.
The file will have its original line endings in your working directory


----------

Wed Sep 14 2022 13:32:46 GMT+0200 (Mitteleuropäische Sommerzeit)

To https://github.com/tytytytyy/tytytytyy.github.io.git
   4f10c52..91905e2  main -> main


